<?xml version="1.0" encoding="UTF-8"?>
<!-- Generated by org.testng.reporters.JUnitXMLReporter -->
<testsuite hostname="DESKTOP-M2RIIBP" ignored="0" name="Login Tests" tests="5" failures="0" timestamp="2020-12-12T17:12:40 IST" time="36.213" errors="0">
  <testcase name="test_login" time="0.007" classname="org.apache.maven.archetypes.nopcommerceApp.TestLogin"/>
  <testcase name="ddt_test_login" time="5.725" classname="org.apache.maven.archetypes.nopcommerceApp.DDTestLogin"/>
  <testcase name="ddt_test_login" time="0.511" classname="org.apache.maven.archetypes.nopcommerceApp.DDTestLogin"/>
  <testcase name="ddt_test_login" time="0.514" classname="org.apache.maven.archetypes.nopcommerceApp.DDTestLogin"/>
  <testcase name="ddt_test_login" time="0.485" classname="org.apache.maven.archetypes.nopcommerceApp.DDTestLogin"/>
</testsuite> <!-- Login Tests -->
