<?xml version="1.0" encoding="UTF-8"?>
<!-- Generated by org.testng.reporters.JUnitXMLReporter -->
<testsuite hostname="DESKTOP-M2RIIBP" ignored="0" name="Products Tests" tests="6" failures="0" timestamp="2020-12-14T11:16:08 IST" time="151.97" errors="0">
  <testcase name="test_AddProduct" time="5.972" classname="org.apache.maven.archetypes.nopcommerceApp.TestAddProduct"/>
  <testcase name="test_searchByProductName" time="0.649" classname="org.apache.maven.archetypes.nopcommerceApp.TestSearchProductByName"/>
  <testcase name="test_searchProductByType" time="0.594" classname="org.apache.maven.archetypes.nopcommerceApp.TestSearchProductByType"/>
  <testcase name="test_ifTheSearchedProductUpdatedAfterEditing" time="6.071" classname="org.apache.maven.archetypes.nopcommerceApp.TestEditSearchedProduct"/>
  <testcase name="test_IfSearchedProductWasDeletedAfterPressingDeleteButton" time="3.928" classname="org.apache.maven.archetypes.nopcommerceApp.TestDeleteSearchedProduct"/>
  <testcase name="test_IfAllTheChosenProductsCanBeDeletedWhenPressingDeleteButton" time="27.988" classname="org.apache.maven.archetypes.nopcommerceApp.ClearAllProductsTest"/>
</testsuite> <!-- Products Tests -->
