<?xml version="1.0" encoding="UTF-8"?>
<!-- Generated by org.testng.reporters.JUnitXMLReporter -->
<testsuite hostname="DESKTOP-M2RIIBP" ignored="0" name="Login Tests" tests="5" failures="0" timestamp="2020-12-14T12:39:47 IST" time="36.809" errors="0">
  <testcase name="test_login" time="0.006" classname="org.apache.maven.archetypes.nopcommerceApp.TestLogin"/>
  <testcase name="ddt_test_login" time="7.068" classname="org.apache.maven.archetypes.nopcommerceApp.DDTestLogin"/>
  <testcase name="ddt_test_login" time="0.526" classname="org.apache.maven.archetypes.nopcommerceApp.DDTestLogin"/>
  <testcase name="ddt_test_login" time="0.521" classname="org.apache.maven.archetypes.nopcommerceApp.DDTestLogin"/>
  <testcase name="ddt_test_login" time="0.479" classname="org.apache.maven.archetypes.nopcommerceApp.DDTestLogin"/>
</testsuite> <!-- Login Tests -->
