<?xml version="1.0" encoding="UTF-8"?>
<!-- Generated by org.testng.reporters.JUnitXMLReporter -->
<testsuite hostname="DESKTOP-M2RIIBP" ignored="0" name="Products Tests" tests="6" failures="0" timestamp="2020-12-14T10:34:06 IST" time="137.457" errors="0">
  <testcase name="test_AddProduct" time="8.769" classname="org.apache.maven.archetypes.nopcommerceApp.TestAddProduct"/>
  <testcase name="test_searchByProductName" time="0.628" classname="org.apache.maven.archetypes.nopcommerceApp.TestSearchProductByName"/>
  <testcase name="test_searchProductByType" time="0.555" classname="org.apache.maven.archetypes.nopcommerceApp.TestSearchProductByType"/>
  <testcase name="test_ifTheSearchedProductUpdatedAfterEditing" time="5.814" classname="org.apache.maven.archetypes.nopcommerceApp.TestEditSearchedProduct"/>
  <testcase name="test_IfSearchedProductWasDeletedAfterPressingDeleteButton" time="3.854" classname="org.apache.maven.archetypes.nopcommerceApp.TestDeleteSearchedProduct"/>
  <testcase name="test_IfAllTheChosenProductsCanBeDeletedWhenPressingDeleteButton" time="13.457" classname="org.apache.maven.archetypes.nopcommerceApp.ClearAllProductsTest"/>
</testsuite> <!-- Products Tests -->
