<?xml version="1.0" encoding="UTF-8"?>
<testng-results skipped="0" failed="1" ignored="0" total="12" passed="11">
  <reporter-output>
  </reporter-output>
  <suite name="nopCommerce Test Suite" duration-ms="213241" started-at="2020-12-13T19:11:40 IST" finished-at="2020-12-13T19:15:13 IST">
    <groups>
    </groups>
    <test name="Login Tests" duration-ms="38294" started-at="2020-12-13T19:11:40 IST" finished-at="2020-12-13T19:12:18 IST">
      <class name="org.apache.maven.archetypes.nopcommerceApp.TestLogin">
        <test-method status="PASS" signature="setup(java.lang.String)[pri:0, instance:org.apache.maven.archetypes.nopcommerceApp.TestLogin@6adede5]" name="setup" is-config="true" duration-ms="6474" started-at="2020-12-13T19:11:40 IST" finished-at="2020-12-13T19:11:47 IST">
          <params>
            <param index="0">
              <value>
                <![CDATA[firefox]]>
              </value>
            </param>
          </params>
          <reporter-output>
          </reporter-output>
        </test-method> <!-- setup -->
        <test-method status="PASS" signature="beforeMethod()[pri:0, instance:org.apache.maven.archetypes.nopcommerceApp.TestLogin@6adede5]" name="beforeMethod" is-config="true" duration-ms="5627" started-at="2020-12-13T19:11:47 IST" finished-at="2020-12-13T19:11:52 IST">
          <reporter-output>
          </reporter-output>
        </test-method> <!-- beforeMethod -->
        <test-method status="PASS" signature="test_login()[pri:0, instance:org.apache.maven.archetypes.nopcommerceApp.TestLogin@6adede5]" name="test_login" duration-ms="5" started-at="2020-12-13T19:11:52 IST" finished-at="2020-12-13T19:11:52 IST">
          <reporter-output>
          </reporter-output>
        </test-method> <!-- test_login -->
        <test-method status="PASS" signature="afterMethod()[pri:0, instance:org.apache.maven.archetypes.nopcommerceApp.TestLogin@6adede5]" name="afterMethod" is-config="true" duration-ms="1" started-at="2020-12-13T19:11:52 IST" finished-at="2020-12-13T19:11:52 IST">
          <reporter-output>
          </reporter-output>
        </test-method> <!-- afterMethod -->
        <test-method status="PASS" signature="tearDown()[pri:0, instance:org.apache.maven.archetypes.nopcommerceApp.TestLogin@6adede5]" name="tearDown" is-config="true" duration-ms="5565" started-at="2020-12-13T19:11:52 IST" finished-at="2020-12-13T19:11:58 IST">
          <reporter-output>
          </reporter-output>
        </test-method> <!-- tearDown -->
      </class> <!-- org.apache.maven.archetypes.nopcommerceApp.TestLogin -->
      <class name="org.apache.maven.archetypes.nopcommerceApp.DDTestLogin">
        <test-method status="PASS" signature="setup(java.lang.String)[pri:0, instance:org.apache.maven.archetypes.nopcommerceApp.DDTestLogin@2d928643]" name="setup" is-config="true" duration-ms="6676" started-at="2020-12-13T19:11:58 IST" finished-at="2020-12-13T19:12:05 IST">
          <params>
            <param index="0">
              <value>
                <![CDATA[firefox]]>
              </value>
            </param>
          </params>
          <reporter-output>
          </reporter-output>
        </test-method> <!-- setup -->
        <test-method status="PASS" signature="beforeMethod()[pri:0, instance:org.apache.maven.archetypes.nopcommerceApp.DDTestLogin@2d928643]" name="beforeMethod" is-config="true" duration-ms="1" started-at="2020-12-13T19:12:05 IST" finished-at="2020-12-13T19:12:05 IST">
          <reporter-output>
          </reporter-output>
        </test-method> <!-- beforeMethod -->
        <test-method status="PASS" signature="ddt_test_login(java.lang.String)[pri:0, instance:org.apache.maven.archetypes.nopcommerceApp.DDTestLogin@2d928643]" name="ddt_test_login" duration-ms="6498" started-at="2020-12-13T19:12:05 IST" data-provider="dp" finished-at="2020-12-13T19:12:11 IST">
          <params>
            <param index="0">
              <value>
                <![CDATA[admin@yourstore.com,admin,Pass]]>
              </value>
            </param>
          </params>
          <reporter-output>
          </reporter-output>
        </test-method> <!-- ddt_test_login -->
        <test-method status="PASS" signature="beforeMethod()[pri:0, instance:org.apache.maven.archetypes.nopcommerceApp.DDTestLogin@2d928643]" name="beforeMethod" is-config="true" duration-ms="1" started-at="2020-12-13T19:12:11 IST" finished-at="2020-12-13T19:12:11 IST">
          <reporter-output>
          </reporter-output>
        </test-method> <!-- beforeMethod -->
        <test-method status="PASS" signature="afterMethod()[pri:0, instance:org.apache.maven.archetypes.nopcommerceApp.DDTestLogin@2d928643]" name="afterMethod" is-config="true" duration-ms="0" started-at="2020-12-13T19:12:11 IST" finished-at="2020-12-13T19:12:11 IST">
          <reporter-output>
          </reporter-output>
        </test-method> <!-- afterMethod -->
        <test-method status="PASS" signature="ddt_test_login(java.lang.String)[pri:0, instance:org.apache.maven.archetypes.nopcommerceApp.DDTestLogin@2d928643]" name="ddt_test_login" duration-ms="566" started-at="2020-12-13T19:12:11 IST" data-provider="dp" finished-at="2020-12-13T19:12:12 IST">
          <params>
            <param index="0">
              <value>
                <![CDATA[admin@yourstore.com,adm,Fail]]>
              </value>
            </param>
          </params>
          <reporter-output>
          </reporter-output>
        </test-method> <!-- ddt_test_login -->
        <test-method status="PASS" signature="afterMethod()[pri:0, instance:org.apache.maven.archetypes.nopcommerceApp.DDTestLogin@2d928643]" name="afterMethod" is-config="true" duration-ms="0" started-at="2020-12-13T19:12:12 IST" finished-at="2020-12-13T19:12:12 IST">
          <reporter-output>
          </reporter-output>
        </test-method> <!-- afterMethod -->
        <test-method status="PASS" signature="beforeMethod()[pri:0, instance:org.apache.maven.archetypes.nopcommerceApp.DDTestLogin@2d928643]" name="beforeMethod" is-config="true" duration-ms="1" started-at="2020-12-13T19:12:12 IST" finished-at="2020-12-13T19:12:12 IST">
          <reporter-output>
          </reporter-output>
        </test-method> <!-- beforeMethod -->
        <test-method status="PASS" signature="ddt_test_login(java.lang.String)[pri:0, instance:org.apache.maven.archetypes.nopcommerceApp.DDTestLogin@2d928643]" name="ddt_test_login" duration-ms="542" started-at="2020-12-13T19:12:12 IST" data-provider="dp" finished-at="2020-12-13T19:12:12 IST">
          <params>
            <param index="0">
              <value>
                <![CDATA[adm@yourstore.com,admin,Fail]]>
              </value>
            </param>
          </params>
          <reporter-output>
          </reporter-output>
        </test-method> <!-- ddt_test_login -->
        <test-method status="PASS" signature="beforeMethod()[pri:0, instance:org.apache.maven.archetypes.nopcommerceApp.DDTestLogin@2d928643]" name="beforeMethod" is-config="true" duration-ms="1" started-at="2020-12-13T19:12:12 IST" finished-at="2020-12-13T19:12:12 IST">
          <reporter-output>
          </reporter-output>
        </test-method> <!-- beforeMethod -->
        <test-method status="PASS" signature="afterMethod()[pri:0, instance:org.apache.maven.archetypes.nopcommerceApp.DDTestLogin@2d928643]" name="afterMethod" is-config="true" duration-ms="0" started-at="2020-12-13T19:12:12 IST" finished-at="2020-12-13T19:12:12 IST">
          <reporter-output>
          </reporter-output>
        </test-method> <!-- afterMethod -->
        <test-method status="PASS" signature="ddt_test_login(java.lang.String)[pri:0, instance:org.apache.maven.archetypes.nopcommerceApp.DDTestLogin@2d928643]" name="ddt_test_login" duration-ms="549" started-at="2020-12-13T19:12:12 IST" data-provider="dp" finished-at="2020-12-13T19:12:13 IST">
          <params>
            <param index="0">
              <value>
                <![CDATA[adm@yourstore.com,adm,Fail]]>
              </value>
            </param>
          </params>
          <reporter-output>
          </reporter-output>
        </test-method> <!-- ddt_test_login -->
        <test-method status="PASS" signature="tearDown()[pri:0, instance:org.apache.maven.archetypes.nopcommerceApp.DDTestLogin@2d928643]" name="tearDown" is-config="true" duration-ms="5587" started-at="2020-12-13T19:12:13 IST" finished-at="2020-12-13T19:12:18 IST">
          <reporter-output>
          </reporter-output>
        </test-method> <!-- tearDown -->
        <test-method status="PASS" signature="afterMethod()[pri:0, instance:org.apache.maven.archetypes.nopcommerceApp.DDTestLogin@2d928643]" name="afterMethod" is-config="true" duration-ms="0" started-at="2020-12-13T19:12:13 IST" finished-at="2020-12-13T19:12:13 IST">
          <reporter-output>
          </reporter-output>
        </test-method> <!-- afterMethod -->
      </class> <!-- org.apache.maven.archetypes.nopcommerceApp.DDTestLogin -->
    </test> <!-- Login Tests -->
    <test name="Products Tests" duration-ms="174751" started-at="2020-12-13T19:12:19 IST" finished-at="2020-12-13T19:15:13 IST">
      <class name="org.apache.maven.archetypes.nopcommerceApp.TestEditSearchedProduct">
        <test-method status="PASS" signature="setup(java.lang.String)[pri:0, instance:org.apache.maven.archetypes.nopcommerceApp.TestEditSearchedProduct@6f1fba17]" name="setup" is-config="true" duration-ms="8696" started-at="2020-12-13T19:13:25 IST" finished-at="2020-12-13T19:13:34 IST">
          <params>
            <param index="0">
              <value>
                <![CDATA[chrome]]>
              </value>
            </param>
          </params>
          <reporter-output>
          </reporter-output>
        </test-method> <!-- setup -->
        <test-method status="PASS" signature="beforeMethod()[pri:0, instance:org.apache.maven.archetypes.nopcommerceApp.TestEditSearchedProduct@6f1fba17]" name="beforeMethod" is-config="true" duration-ms="3067" started-at="2020-12-13T19:13:34 IST" finished-at="2020-12-13T19:13:37 IST">
          <reporter-output>
          </reporter-output>
        </test-method> <!-- beforeMethod -->
        <test-method status="PASS" signature="test_ifTheSearchedProductUpdatedAfterEditing()[pri:0, instance:org.apache.maven.archetypes.nopcommerceApp.TestEditSearchedProduct@6f1fba17]" name="test_ifTheSearchedProductUpdatedAfterEditing" duration-ms="6349" started-at="2020-12-13T19:13:37 IST" finished-at="2020-12-13T19:13:44 IST">
          <reporter-output>
          </reporter-output>
        </test-method> <!-- test_ifTheSearchedProductUpdatedAfterEditing -->
        <test-method status="PASS" signature="afterMethod()[pri:0, instance:org.apache.maven.archetypes.nopcommerceApp.TestEditSearchedProduct@6f1fba17]" name="afterMethod" is-config="true" duration-ms="1" started-at="2020-12-13T19:13:44 IST" finished-at="2020-12-13T19:13:44 IST">
          <reporter-output>
          </reporter-output>
        </test-method> <!-- afterMethod -->
        <test-method status="PASS" signature="tearDown()[pri:0, instance:org.apache.maven.archetypes.nopcommerceApp.TestEditSearchedProduct@6f1fba17]" name="tearDown" is-config="true" duration-ms="5647" started-at="2020-12-13T19:13:44 IST" finished-at="2020-12-13T19:13:49 IST">
          <reporter-output>
          </reporter-output>
        </test-method> <!-- tearDown -->
      </class> <!-- org.apache.maven.archetypes.nopcommerceApp.TestEditSearchedProduct -->
      <class name="org.apache.maven.archetypes.nopcommerceApp.ClearAllProductsTest">
        <test-method status="PASS" signature="setup(java.lang.String)[pri:0, instance:org.apache.maven.archetypes.nopcommerceApp.ClearAllProductsTest@67784306]" name="setup" is-config="true" duration-ms="8629" started-at="2020-12-13T19:14:08 IST" finished-at="2020-12-13T19:14:17 IST">
          <params>
            <param index="0">
              <value>
                <![CDATA[chrome]]>
              </value>
            </param>
          </params>
          <reporter-output>
          </reporter-output>
        </test-method> <!-- setup -->
        <test-method status="PASS" signature="beforeMethod()[pri:0, instance:org.apache.maven.archetypes.nopcommerceApp.ClearAllProductsTest@67784306]" name="beforeMethod" is-config="true" duration-ms="2889" started-at="2020-12-13T19:14:17 IST" finished-at="2020-12-13T19:14:19 IST">
          <reporter-output>
          </reporter-output>
        </test-method> <!-- beforeMethod -->
        <test-method status="PASS" signature="test_IfAllTheChosenProductsCanBeDeletedWhenPressingDeleteButton()[pri:0, instance:org.apache.maven.archetypes.nopcommerceApp.ClearAllProductsTest@67784306]" name="test_IfAllTheChosenProductsCanBeDeletedWhenPressingDeleteButton" duration-ms="27736" started-at="2020-12-13T19:14:19 IST" finished-at="2020-12-13T19:14:47 IST">
          <reporter-output>
          </reporter-output>
        </test-method> <!-- test_IfAllTheChosenProductsCanBeDeletedWhenPressingDeleteButton -->
        <test-method status="PASS" signature="afterMethod()[pri:0, instance:org.apache.maven.archetypes.nopcommerceApp.ClearAllProductsTest@67784306]" name="afterMethod" is-config="true" duration-ms="0" started-at="2020-12-13T19:14:47 IST" finished-at="2020-12-13T19:14:47 IST">
          <reporter-output>
          </reporter-output>
        </test-method> <!-- afterMethod -->
        <test-method status="PASS" signature="tearDown()[pri:0, instance:org.apache.maven.archetypes.nopcommerceApp.ClearAllProductsTest@67784306]" name="tearDown" is-config="true" duration-ms="5622" started-at="2020-12-13T19:14:47 IST" finished-at="2020-12-13T19:14:53 IST">
          <reporter-output>
          </reporter-output>
        </test-method> <!-- tearDown -->
      </class> <!-- org.apache.maven.archetypes.nopcommerceApp.ClearAllProductsTest -->
      <class name="org.apache.maven.archetypes.nopcommerceApp.TestAddManufacturer">
        <test-method status="PASS" signature="setup(java.lang.String)[pri:0, instance:org.apache.maven.archetypes.nopcommerceApp.TestAddManufacturer@335eadca]" name="setup" is-config="true" duration-ms="8564" started-at="2020-12-13T19:14:53 IST" finished-at="2020-12-13T19:15:01 IST">
          <params>
            <param index="0">
              <value>
                <![CDATA[chrome]]>
              </value>
            </param>
          </params>
          <reporter-output>
          </reporter-output>
        </test-method> <!-- setup -->
        <test-method status="PASS" signature="beforeMethod()[pri:0, instance:org.apache.maven.archetypes.nopcommerceApp.TestAddManufacturer@335eadca]" name="beforeMethod" is-config="true" duration-ms="2946" started-at="2020-12-13T19:15:01 IST" finished-at="2020-12-13T19:15:04 IST">
          <reporter-output>
          </reporter-output>
        </test-method> <!-- beforeMethod -->
        <test-method status="FAIL" signature="test_addManufacturer()[pri:0, instance:org.apache.maven.archetypes.nopcommerceApp.TestAddManufacturer@335eadca]" name="test_addManufacturer" duration-ms="3348" started-at="2020-12-13T19:15:04 IST" finished-at="2020-12-13T19:15:08 IST">
          <exception class="org.openqa.selenium.JavascriptException">
            <message>
              <![CDATA[javascript error: Failed to execute 'elementsFromPoint' on 'Document': The provided double value is non-finite.
  (Session info: chrome=87.0.4280.88)
Build info: version: '3.141.59', revision: 'e82be7d358', time: '2018-11-14T08:17:03'
System info: host: 'DESKTOP-M2RIIBP', ip: '10.0.0.5', os.name: 'Windows 10', os.arch: 'amd64', os.version: '10.0', java.version: '1.8.0_261'
Driver info: org.openqa.selenium.chrome.ChromeDriver
Capabilities {acceptInsecureCerts: false, browserName: chrome, browserVersion: 87.0.4280.88, chrome: {chromedriverVersion: 86.0.4240.22 (398b0743353ff..., userDataDir: C:\Users\edisa\AppData\Loca...}, goog:chromeOptions: {debuggerAddress: localhost:50748}, javascriptEnabled: true, networkConnectionEnabled: false, pageLoadStrategy: normal, platform: WINDOWS, platformName: WINDOWS, proxy: Proxy(), setWindowRect: true, strictFileInteractability: false, timeouts: {implicit: 0, pageLoad: 300000, script: 30000}, unhandledPromptBehavior: dismiss and notify, webauthn:virtualAuthenticators: true}
Session ID: 2476ed643911c2f5c719595a135d7f07]]>
            </message>
            <full-stacktrace>
              <![CDATA[org.openqa.selenium.JavascriptException: javascript error: Failed to execute 'elementsFromPoint' on 'Document': The provided double value is non-finite.
  (Session info: chrome=87.0.4280.88)
Build info: version: '3.141.59', revision: 'e82be7d358', time: '2018-11-14T08:17:03'
System info: host: 'DESKTOP-M2RIIBP', ip: '10.0.0.5', os.name: 'Windows 10', os.arch: 'amd64', os.version: '10.0', java.version: '1.8.0_261'
Driver info: org.openqa.selenium.chrome.ChromeDriver
Capabilities {acceptInsecureCerts: false, browserName: chrome, browserVersion: 87.0.4280.88, chrome: {chromedriverVersion: 86.0.4240.22 (398b0743353ff..., userDataDir: C:\Users\edisa\AppData\Loca...}, goog:chromeOptions: {debuggerAddress: localhost:50748}, javascriptEnabled: true, networkConnectionEnabled: false, pageLoadStrategy: normal, platform: WINDOWS, platformName: WINDOWS, proxy: Proxy(), setWindowRect: true, strictFileInteractability: false, timeouts: {implicit: 0, pageLoad: 300000, script: 30000}, unhandledPromptBehavior: dismiss and notify, webauthn:virtualAuthenticators: true}
Session ID: 2476ed643911c2f5c719595a135d7f07
at sun.reflect.NativeConstructorAccessorImpl.newInstance0(Native Method)
at sun.reflect.NativeConstructorAccessorImpl.newInstance(NativeConstructorAccessorImpl.java:62)
at sun.reflect.DelegatingConstructorAccessorImpl.newInstance(DelegatingConstructorAccessorImpl.java:45)
at java.lang.reflect.Constructor.newInstance(Constructor.java:423)
at org.openqa.selenium.remote.http.W3CHttpResponseCodec.createException(W3CHttpResponseCodec.java:187)
at org.openqa.selenium.remote.http.W3CHttpResponseCodec.decode(W3CHttpResponseCodec.java:122)
at org.openqa.selenium.remote.http.W3CHttpResponseCodec.decode(W3CHttpResponseCodec.java:49)
at org.openqa.selenium.remote.HttpCommandExecutor.execute(HttpCommandExecutor.java:158)
at org.openqa.selenium.remote.service.DriverCommandExecutor.execute(DriverCommandExecutor.java:83)
at org.openqa.selenium.remote.RemoteWebDriver.execute(RemoteWebDriver.java:552)
at org.openqa.selenium.remote.RemoteWebDriver.perform(RemoteWebDriver.java:618)
at org.openqa.selenium.interactions.Actions$BuiltAction.perform(Actions.java:639)
at org.openqa.selenium.interactions.Actions.perform(Actions.java:595)
at pageObjects.AddManufacturer.pageSize(AddManufacturer.java:129)
at org.apache.maven.archetypes.nopcommerceApp.TestAddManufacturer.test_addManufacturer(TestAddManufacturer.java:33)
at sun.reflect.NativeMethodAccessorImpl.invoke0(Native Method)
at sun.reflect.NativeMethodAccessorImpl.invoke(NativeMethodAccessorImpl.java:62)
at sun.reflect.DelegatingMethodAccessorImpl.invoke(DelegatingMethodAccessorImpl.java:43)
at java.lang.reflect.Method.invoke(Method.java:498)
at org.testng.internal.MethodInvocationHelper.invokeMethod(MethodInvocationHelper.java:134)
at org.testng.internal.TestInvoker.invokeMethod(TestInvoker.java:597)
at org.testng.internal.TestInvoker.invokeTestMethod(TestInvoker.java:173)
at org.testng.internal.MethodRunner.runInSequence(MethodRunner.java:46)
at org.testng.internal.TestInvoker$MethodInvocationAgent.invoke(TestInvoker.java:816)
at org.testng.internal.TestInvoker.invokeTestMethods(TestInvoker.java:146)
at org.testng.internal.TestMethodWorker.invokeTestMethods(TestMethodWorker.java:146)
at org.testng.internal.TestMethodWorker.run(TestMethodWorker.java:128)
at java.util.ArrayList.forEach(ArrayList.java:1259)
at org.testng.TestRunner.privateRun(TestRunner.java:766)
at org.testng.TestRunner.run(TestRunner.java:587)
at org.testng.SuiteRunner.runTest(SuiteRunner.java:384)
at org.testng.SuiteRunner.runSequentially(SuiteRunner.java:378)
at org.testng.SuiteRunner.privateRun(SuiteRunner.java:337)
at org.testng.SuiteRunner.run(SuiteRunner.java:286)
at org.testng.SuiteRunnerWorker.runSuite(SuiteRunnerWorker.java:53)
at org.testng.SuiteRunnerWorker.run(SuiteRunnerWorker.java:96)
at org.testng.TestNG.runSuitesSequentially(TestNG.java:1187)
at org.testng.TestNG.runSuitesLocally(TestNG.java:1109)
at org.testng.TestNG.runSuites(TestNG.java:1039)
at org.testng.TestNG.run(TestNG.java:1007)
at org.apache.maven.surefire.testng.TestNGExecutor.run(TestNGExecutor.java:283)
at org.apache.maven.surefire.testng.TestNGXmlTestSuite.execute(TestNGXmlTestSuite.java:75)
at org.apache.maven.surefire.testng.TestNGProvider.invoke(TestNGProvider.java:120)
at org.apache.maven.surefire.booter.ForkedBooter.invokeProviderInSameClassLoader(ForkedBooter.java:384)
at org.apache.maven.surefire.booter.ForkedBooter.runSuitesInProcess(ForkedBooter.java:345)
at org.apache.maven.surefire.booter.ForkedBooter.execute(ForkedBooter.java:126)
at org.apache.maven.surefire.booter.ForkedBooter.main(ForkedBooter.java:418)
]]>
            </full-stacktrace>
          </exception> <!-- org.openqa.selenium.JavascriptException -->
          <reporter-output>
          </reporter-output>
        </test-method> <!-- test_addManufacturer -->
        <test-method status="PASS" signature="tearDown()[pri:0, instance:org.apache.maven.archetypes.nopcommerceApp.TestAddManufacturer@335eadca]" name="tearDown" is-config="true" duration-ms="5637" started-at="2020-12-13T19:15:08 IST" finished-at="2020-12-13T19:15:13 IST">
          <reporter-output>
          </reporter-output>
        </test-method> <!-- tearDown -->
        <test-method status="PASS" signature="afterMethod()[pri:0, instance:org.apache.maven.archetypes.nopcommerceApp.TestAddManufacturer@335eadca]" name="afterMethod" is-config="true" duration-ms="0" started-at="2020-12-13T19:15:08 IST" finished-at="2020-12-13T19:15:08 IST">
          <reporter-output>
          </reporter-output>
        </test-method> <!-- afterMethod -->
      </class> <!-- org.apache.maven.archetypes.nopcommerceApp.TestAddManufacturer -->
      <class name="org.apache.maven.archetypes.nopcommerceApp.TestSearchProductByName">
        <test-method status="PASS" signature="setup(java.lang.String)[pri:0, instance:org.apache.maven.archetypes.nopcommerceApp.TestSearchProductByName@3e9b1010]" name="setup" is-config="true" duration-ms="6655" started-at="2020-12-13T19:12:47 IST" finished-at="2020-12-13T19:12:53 IST">
          <params>
            <param index="0">
              <value>
                <![CDATA[chrome]]>
              </value>
            </param>
          </params>
          <reporter-output>
          </reporter-output>
        </test-method> <!-- setup -->
        <test-method status="PASS" signature="beforeMethod()[pri:0, instance:org.apache.maven.archetypes.nopcommerceApp.TestSearchProductByName@3e9b1010]" name="beforeMethod" is-config="true" duration-ms="5172" started-at="2020-12-13T19:12:53 IST" finished-at="2020-12-13T19:12:59 IST">
          <reporter-output>
          </reporter-output>
        </test-method> <!-- beforeMethod -->
        <test-method status="PASS" signature="test_searchByProductName()[pri:0, instance:org.apache.maven.archetypes.nopcommerceApp.TestSearchProductByName@3e9b1010]" name="test_searchByProductName" duration-ms="615" started-at="2020-12-13T19:12:59 IST" finished-at="2020-12-13T19:12:59 IST">
          <reporter-output>
          </reporter-output>
        </test-method> <!-- test_searchByProductName -->
        <test-method status="PASS" signature="afterMethod()[pri:0, instance:org.apache.maven.archetypes.nopcommerceApp.TestSearchProductByName@3e9b1010]" name="afterMethod" is-config="true" duration-ms="0" started-at="2020-12-13T19:12:59 IST" finished-at="2020-12-13T19:12:59 IST">
          <reporter-output>
          </reporter-output>
        </test-method> <!-- afterMethod -->
        <test-method status="PASS" signature="tearDown()[pri:0, instance:org.apache.maven.archetypes.nopcommerceApp.TestSearchProductByName@3e9b1010]" name="tearDown" is-config="true" duration-ms="5628" started-at="2020-12-13T19:12:59 IST" finished-at="2020-12-13T19:13:05 IST">
          <reporter-output>
          </reporter-output>
        </test-method> <!-- tearDown -->
      </class> <!-- org.apache.maven.archetypes.nopcommerceApp.TestSearchProductByName -->
      <class name="org.apache.maven.archetypes.nopcommerceApp.TestDeleteSearchedProduct">
        <test-method status="PASS" signature="setup(java.lang.String)[pri:0, instance:org.apache.maven.archetypes.nopcommerceApp.TestDeleteSearchedProduct@185d8b6]" name="setup" is-config="true" duration-ms="6717" started-at="2020-12-13T19:13:49 IST" finished-at="2020-12-13T19:13:56 IST">
          <params>
            <param index="0">
              <value>
                <![CDATA[chrome]]>
              </value>
            </param>
          </params>
          <reporter-output>
          </reporter-output>
        </test-method> <!-- setup -->
        <test-method status="PASS" signature="beforeMethod()[pri:0, instance:org.apache.maven.archetypes.nopcommerceApp.TestDeleteSearchedProduct@185d8b6]" name="beforeMethod" is-config="true" duration-ms="2377" started-at="2020-12-13T19:13:56 IST" finished-at="2020-12-13T19:13:58 IST">
          <reporter-output>
          </reporter-output>
        </test-method> <!-- beforeMethod -->
        <test-method status="PASS" signature="test_IfSearchedProductWasDeletedAfterPressingDeleteButton()[pri:0, instance:org.apache.maven.archetypes.nopcommerceApp.TestDeleteSearchedProduct@185d8b6]" name="test_IfSearchedProductWasDeletedAfterPressingDeleteButton" duration-ms="4001" started-at="2020-12-13T19:13:58 IST" finished-at="2020-12-13T19:14:02 IST">
          <reporter-output>
          </reporter-output>
        </test-method> <!-- test_IfSearchedProductWasDeletedAfterPressingDeleteButton -->
        <test-method status="PASS" signature="afterMethod()[pri:0, instance:org.apache.maven.archetypes.nopcommerceApp.TestDeleteSearchedProduct@185d8b6]" name="afterMethod" is-config="true" duration-ms="0" started-at="2020-12-13T19:14:02 IST" finished-at="2020-12-13T19:14:02 IST">
          <reporter-output>
          </reporter-output>
        </test-method> <!-- afterMethod -->
        <test-method status="PASS" signature="tearDown()[pri:0, instance:org.apache.maven.archetypes.nopcommerceApp.TestDeleteSearchedProduct@185d8b6]" name="tearDown" is-config="true" duration-ms="5651" started-at="2020-12-13T19:14:02 IST" finished-at="2020-12-13T19:14:08 IST">
          <reporter-output>
          </reporter-output>
        </test-method> <!-- tearDown -->
      </class> <!-- org.apache.maven.archetypes.nopcommerceApp.TestDeleteSearchedProduct -->
      <class name="org.apache.maven.archetypes.nopcommerceApp.TestAddProduct">
        <test-method status="PASS" signature="setup(java.lang.String)[pri:0, instance:org.apache.maven.archetypes.nopcommerceApp.TestAddProduct@18eed359]" name="setup" is-config="true" duration-ms="7982" started-at="2020-12-13T19:12:19 IST" finished-at="2020-12-13T19:12:27 IST">
          <params>
            <param index="0">
              <value>
                <![CDATA[chrome]]>
              </value>
            </param>
          </params>
          <reporter-output>
          </reporter-output>
        </test-method> <!-- setup -->
        <test-method status="PASS" signature="beforeMethod()[pri:0, instance:org.apache.maven.archetypes.nopcommerceApp.TestAddProduct@18eed359]" name="beforeMethod" is-config="true" duration-ms="8141" started-at="2020-12-13T19:12:27 IST" finished-at="2020-12-13T19:12:35 IST">
          <reporter-output>
          </reporter-output>
        </test-method> <!-- beforeMethod -->
        <test-method status="PASS" signature="test_AddProduct()[pri:0, instance:org.apache.maven.archetypes.nopcommerceApp.TestAddProduct@18eed359]" name="test_AddProduct" duration-ms="6458" started-at="2020-12-13T19:12:35 IST" finished-at="2020-12-13T19:12:41 IST">
          <reporter-output>
          </reporter-output>
        </test-method> <!-- test_AddProduct -->
        <test-method status="PASS" signature="tearDown()[pri:0, instance:org.apache.maven.archetypes.nopcommerceApp.TestAddProduct@18eed359]" name="tearDown" is-config="true" duration-ms="5633" started-at="2020-12-13T19:12:41 IST" finished-at="2020-12-13T19:12:47 IST">
          <reporter-output>
          </reporter-output>
        </test-method> <!-- tearDown -->
        <test-method status="PASS" signature="afterMethod()[pri:0, instance:org.apache.maven.archetypes.nopcommerceApp.TestAddProduct@18eed359]" name="afterMethod" is-config="true" duration-ms="0" started-at="2020-12-13T19:12:41 IST" finished-at="2020-12-13T19:12:41 IST">
          <reporter-output>
          </reporter-output>
        </test-method> <!-- afterMethod -->
      </class> <!-- org.apache.maven.archetypes.nopcommerceApp.TestAddProduct -->
      <class name="org.apache.maven.archetypes.nopcommerceApp.TestSearchProductByType">
        <test-method status="PASS" signature="setup(java.lang.String)[pri:0, instance:org.apache.maven.archetypes.nopcommerceApp.TestSearchProductByType@6c3708b3]" name="setup" is-config="true" duration-ms="8345" started-at="2020-12-13T19:13:05 IST" finished-at="2020-12-13T19:13:13 IST">
          <params>
            <param index="0">
              <value>
                <![CDATA[chrome]]>
              </value>
            </param>
          </params>
          <reporter-output>
          </reporter-output>
        </test-method> <!-- setup -->
        <test-method status="PASS" signature="beforeClass()[pri:0, instance:org.apache.maven.archetypes.nopcommerceApp.TestSearchProductByType@6c3708b3]" name="beforeClass" is-config="true" duration-ms="5989" started-at="2020-12-13T19:13:13 IST" finished-at="2020-12-13T19:13:19 IST">
          <reporter-output>
          </reporter-output>
        </test-method> <!-- beforeClass -->
        <test-method status="PASS" signature="test_searchProductByType()[pri:0, instance:org.apache.maven.archetypes.nopcommerceApp.TestSearchProductByType@6c3708b3]" name="test_searchProductByType" duration-ms="612" started-at="2020-12-13T19:13:19 IST" finished-at="2020-12-13T19:13:20 IST">
          <reporter-output>
          </reporter-output>
        </test-method> <!-- test_searchProductByType -->
        <test-method status="PASS" signature="tearDown()[pri:0, instance:org.apache.maven.archetypes.nopcommerceApp.TestSearchProductByType@6c3708b3]" name="tearDown" is-config="true" duration-ms="5629" started-at="2020-12-13T19:13:20 IST" finished-at="2020-12-13T19:13:25 IST">
          <reporter-output>
          </reporter-output>
        </test-method> <!-- tearDown -->
        <test-method status="PASS" signature="afterMethod()[pri:0, instance:org.apache.maven.archetypes.nopcommerceApp.TestSearchProductByType@6c3708b3]" name="afterMethod" is-config="true" duration-ms="0" started-at="2020-12-13T19:13:20 IST" finished-at="2020-12-13T19:13:20 IST">
          <reporter-output>
          </reporter-output>
        </test-method> <!-- afterMethod -->
      </class> <!-- org.apache.maven.archetypes.nopcommerceApp.TestSearchProductByType -->
    </test> <!-- Products Tests -->
  </suite> <!-- nopCommerce Test Suite -->
</testng-results>
