<?xml version="1.0" encoding="UTF-8"?>
<testng-results skipped="0" failed="0" ignored="0" total="12" passed="12">
  <reporter-output>
  </reporter-output>
  <suite name="nopCommerce Test Suite" duration-ms="202685" started-at="2020-12-14T12:39:10 IST" finished-at="2020-12-14T12:42:33 IST">
    <groups>
    </groups>
    <test name="Login Tests" duration-ms="36809" started-at="2020-12-14T12:39:10 IST" finished-at="2020-12-14T12:39:47 IST">
      <class name="org.apache.maven.archetypes.nopcommerceApp.TestLogin">
        <test-method status="PASS" signature="setup(java.lang.String)[pri:0, instance:org.apache.maven.archetypes.nopcommerceApp.TestLogin@6adede5]" name="setup" is-config="true" duration-ms="5591" started-at="2020-12-14T12:39:10 IST" finished-at="2020-12-14T12:39:16 IST">
          <params>
            <param index="0">
              <value>
                <![CDATA[firefox]]>
              </value>
            </param>
          </params>
          <reporter-output>
          </reporter-output>
        </test-method> <!-- setup -->
        <test-method status="PASS" signature="beforeMethod()[pri:0, instance:org.apache.maven.archetypes.nopcommerceApp.TestLogin@6adede5]" name="beforeMethod" is-config="true" duration-ms="5074" started-at="2020-12-14T12:39:16 IST" finished-at="2020-12-14T12:39:21 IST">
          <reporter-output>
          </reporter-output>
        </test-method> <!-- beforeMethod -->
        <test-method status="PASS" signature="test_login()[pri:0, instance:org.apache.maven.archetypes.nopcommerceApp.TestLogin@6adede5]" name="test_login" duration-ms="6" started-at="2020-12-14T12:39:21 IST" finished-at="2020-12-14T12:39:21 IST">
          <reporter-output>
          </reporter-output>
        </test-method> <!-- test_login -->
        <test-method status="PASS" signature="afterMethod()[pri:0, instance:org.apache.maven.archetypes.nopcommerceApp.TestLogin@6adede5]" name="afterMethod" is-config="true" duration-ms="0" started-at="2020-12-14T12:39:21 IST" finished-at="2020-12-14T12:39:21 IST">
          <reporter-output>
          </reporter-output>
        </test-method> <!-- afterMethod -->
        <test-method status="PASS" signature="tearDown()[pri:0, instance:org.apache.maven.archetypes.nopcommerceApp.TestLogin@6adede5]" name="tearDown" is-config="true" duration-ms="5614" started-at="2020-12-14T12:39:21 IST" finished-at="2020-12-14T12:39:27 IST">
          <reporter-output>
          </reporter-output>
        </test-method> <!-- tearDown -->
      </class> <!-- org.apache.maven.archetypes.nopcommerceApp.TestLogin -->
      <class name="org.apache.maven.archetypes.nopcommerceApp.DDTestLogin">
        <test-method status="PASS" signature="setup(java.lang.String)[pri:0, instance:org.apache.maven.archetypes.nopcommerceApp.DDTestLogin@2d928643]" name="setup" is-config="true" duration-ms="6129" started-at="2020-12-14T12:39:27 IST" finished-at="2020-12-14T12:39:33 IST">
          <params>
            <param index="0">
              <value>
                <![CDATA[firefox]]>
              </value>
            </param>
          </params>
          <reporter-output>
          </reporter-output>
        </test-method> <!-- setup -->
        <test-method status="PASS" signature="beforeMethod()[pri:0, instance:org.apache.maven.archetypes.nopcommerceApp.DDTestLogin@2d928643]" name="beforeMethod" is-config="true" duration-ms="1" started-at="2020-12-14T12:39:33 IST" finished-at="2020-12-14T12:39:33 IST">
          <reporter-output>
          </reporter-output>
        </test-method> <!-- beforeMethod -->
        <test-method status="PASS" signature="ddt_test_login(java.lang.String)[pri:0, instance:org.apache.maven.archetypes.nopcommerceApp.DDTestLogin@2d928643]" name="ddt_test_login" duration-ms="7068" started-at="2020-12-14T12:39:33 IST" data-provider="dp" finished-at="2020-12-14T12:39:40 IST">
          <params>
            <param index="0">
              <value>
                <![CDATA[admin@yourstore.com,admin,Pass]]>
              </value>
            </param>
          </params>
          <reporter-output>
          </reporter-output>
        </test-method> <!-- ddt_test_login -->
        <test-method status="PASS" signature="afterMethod()[pri:0, instance:org.apache.maven.archetypes.nopcommerceApp.DDTestLogin@2d928643]" name="afterMethod" is-config="true" duration-ms="1" started-at="2020-12-14T12:39:40 IST" finished-at="2020-12-14T12:39:40 IST">
          <reporter-output>
          </reporter-output>
        </test-method> <!-- afterMethod -->
        <test-method status="PASS" signature="beforeMethod()[pri:0, instance:org.apache.maven.archetypes.nopcommerceApp.DDTestLogin@2d928643]" name="beforeMethod" is-config="true" duration-ms="1" started-at="2020-12-14T12:39:40 IST" finished-at="2020-12-14T12:39:40 IST">
          <reporter-output>
          </reporter-output>
        </test-method> <!-- beforeMethod -->
        <test-method status="PASS" signature="ddt_test_login(java.lang.String)[pri:0, instance:org.apache.maven.archetypes.nopcommerceApp.DDTestLogin@2d928643]" name="ddt_test_login" duration-ms="526" started-at="2020-12-14T12:39:40 IST" data-provider="dp" finished-at="2020-12-14T12:39:40 IST">
          <params>
            <param index="0">
              <value>
                <![CDATA[admin@yourstore.com,adm,Fail]]>
              </value>
            </param>
          </params>
          <reporter-output>
          </reporter-output>
        </test-method> <!-- ddt_test_login -->
        <test-method status="PASS" signature="afterMethod()[pri:0, instance:org.apache.maven.archetypes.nopcommerceApp.DDTestLogin@2d928643]" name="afterMethod" is-config="true" duration-ms="1" started-at="2020-12-14T12:39:40 IST" finished-at="2020-12-14T12:39:40 IST">
          <reporter-output>
          </reporter-output>
        </test-method> <!-- afterMethod -->
        <test-method status="PASS" signature="beforeMethod()[pri:0, instance:org.apache.maven.archetypes.nopcommerceApp.DDTestLogin@2d928643]" name="beforeMethod" is-config="true" duration-ms="1" started-at="2020-12-14T12:39:40 IST" finished-at="2020-12-14T12:39:40 IST">
          <reporter-output>
          </reporter-output>
        </test-method> <!-- beforeMethod -->
        <test-method status="PASS" signature="ddt_test_login(java.lang.String)[pri:0, instance:org.apache.maven.archetypes.nopcommerceApp.DDTestLogin@2d928643]" name="ddt_test_login" duration-ms="521" started-at="2020-12-14T12:39:40 IST" data-provider="dp" finished-at="2020-12-14T12:39:41 IST">
          <params>
            <param index="0">
              <value>
                <![CDATA[adm@yourstore.com,admin,Fail]]>
              </value>
            </param>
          </params>
          <reporter-output>
          </reporter-output>
        </test-method> <!-- ddt_test_login -->
        <test-method status="PASS" signature="afterMethod()[pri:0, instance:org.apache.maven.archetypes.nopcommerceApp.DDTestLogin@2d928643]" name="afterMethod" is-config="true" duration-ms="0" started-at="2020-12-14T12:39:41 IST" finished-at="2020-12-14T12:39:41 IST">
          <reporter-output>
          </reporter-output>
        </test-method> <!-- afterMethod -->
        <test-method status="PASS" signature="beforeMethod()[pri:0, instance:org.apache.maven.archetypes.nopcommerceApp.DDTestLogin@2d928643]" name="beforeMethod" is-config="true" duration-ms="2" started-at="2020-12-14T12:39:41 IST" finished-at="2020-12-14T12:39:41 IST">
          <reporter-output>
          </reporter-output>
        </test-method> <!-- beforeMethod -->
        <test-method status="PASS" signature="ddt_test_login(java.lang.String)[pri:0, instance:org.apache.maven.archetypes.nopcommerceApp.DDTestLogin@2d928643]" name="ddt_test_login" duration-ms="479" started-at="2020-12-14T12:39:41 IST" data-provider="dp" finished-at="2020-12-14T12:39:41 IST">
          <params>
            <param index="0">
              <value>
                <![CDATA[adm@yourstore.com,adm,Fail]]>
              </value>
            </param>
          </params>
          <reporter-output>
          </reporter-output>
        </test-method> <!-- ddt_test_login -->
        <test-method status="PASS" signature="afterMethod()[pri:0, instance:org.apache.maven.archetypes.nopcommerceApp.DDTestLogin@2d928643]" name="afterMethod" is-config="true" duration-ms="0" started-at="2020-12-14T12:39:41 IST" finished-at="2020-12-14T12:39:41 IST">
          <reporter-output>
          </reporter-output>
        </test-method> <!-- afterMethod -->
        <test-method status="PASS" signature="tearDown()[pri:0, instance:org.apache.maven.archetypes.nopcommerceApp.DDTestLogin@2d928643]" name="tearDown" is-config="true" duration-ms="5599" started-at="2020-12-14T12:39:41 IST" finished-at="2020-12-14T12:39:47 IST">
          <reporter-output>
          </reporter-output>
        </test-method> <!-- tearDown -->
      </class> <!-- org.apache.maven.archetypes.nopcommerceApp.DDTestLogin -->
    </test> <!-- Login Tests -->
    <test name="Products Tests" duration-ms="140009" started-at="2020-12-14T12:39:47 IST" finished-at="2020-12-14T12:42:07 IST">
      <class name="org.apache.maven.archetypes.nopcommerceApp.TestEditSearchedProduct">
        <test-method status="PASS" signature="setup(java.lang.String)[pri:0, instance:org.apache.maven.archetypes.nopcommerceApp.TestEditSearchedProduct@3e9b1010]" name="setup" is-config="true" duration-ms="8371" started-at="2020-12-14T12:40:50 IST" finished-at="2020-12-14T12:40:58 IST">
          <params>
            <param index="0">
              <value>
                <![CDATA[chrome]]>
              </value>
            </param>
          </params>
          <reporter-output>
          </reporter-output>
        </test-method> <!-- setup -->
        <test-method status="PASS" signature="beforeMethod()[pri:0, instance:org.apache.maven.archetypes.nopcommerceApp.TestEditSearchedProduct@3e9b1010]" name="beforeMethod" is-config="true" duration-ms="2995" started-at="2020-12-14T12:40:58 IST" finished-at="2020-12-14T12:41:01 IST">
          <reporter-output>
          </reporter-output>
        </test-method> <!-- beforeMethod -->
        <test-method status="PASS" signature="test_ifTheSearchedProductUpdatedAfterEditing()[pri:0, instance:org.apache.maven.archetypes.nopcommerceApp.TestEditSearchedProduct@3e9b1010]" name="test_ifTheSearchedProductUpdatedAfterEditing" duration-ms="6282" started-at="2020-12-14T12:41:01 IST" finished-at="2020-12-14T12:41:07 IST">
          <reporter-output>
          </reporter-output>
        </test-method> <!-- test_ifTheSearchedProductUpdatedAfterEditing -->
        <test-method status="PASS" signature="afterMethod()[pri:0, instance:org.apache.maven.archetypes.nopcommerceApp.TestEditSearchedProduct@3e9b1010]" name="afterMethod" is-config="true" duration-ms="0" started-at="2020-12-14T12:41:07 IST" finished-at="2020-12-14T12:41:07 IST">
          <reporter-output>
          </reporter-output>
        </test-method> <!-- afterMethod -->
        <test-method status="PASS" signature="tearDown()[pri:0, instance:org.apache.maven.archetypes.nopcommerceApp.TestEditSearchedProduct@3e9b1010]" name="tearDown" is-config="true" duration-ms="5658" started-at="2020-12-14T12:41:07 IST" finished-at="2020-12-14T12:41:13 IST">
          <reporter-output>
          </reporter-output>
        </test-method> <!-- tearDown -->
      </class> <!-- org.apache.maven.archetypes.nopcommerceApp.TestEditSearchedProduct -->
      <class name="org.apache.maven.archetypes.nopcommerceApp.ClearAllProductsTest">
        <test-method status="PASS" signature="setup(java.lang.String)[pri:0, instance:org.apache.maven.archetypes.nopcommerceApp.ClearAllProductsTest@6f1fba17]" name="setup" is-config="true" duration-ms="8814" started-at="2020-12-14T12:41:36 IST" finished-at="2020-12-14T12:41:44 IST">
          <params>
            <param index="0">
              <value>
                <![CDATA[chrome]]>
              </value>
            </param>
          </params>
          <reporter-output>
          </reporter-output>
        </test-method> <!-- setup -->
        <test-method status="PASS" signature="beforeMethod()[pri:0, instance:org.apache.maven.archetypes.nopcommerceApp.ClearAllProductsTest@6f1fba17]" name="beforeMethod" is-config="true" duration-ms="3420" started-at="2020-12-14T12:41:44 IST" finished-at="2020-12-14T12:41:48 IST">
          <reporter-output>
          </reporter-output>
        </test-method> <!-- beforeMethod -->
        <test-method status="PASS" signature="test_IfAllTheChosenProductsCanBeDeletedWhenPressingDeleteButton()[pri:0, instance:org.apache.maven.archetypes.nopcommerceApp.ClearAllProductsTest@6f1fba17]" name="test_IfAllTheChosenProductsCanBeDeletedWhenPressingDeleteButton" duration-ms="13634" started-at="2020-12-14T12:41:48 IST" finished-at="2020-12-14T12:42:01 IST">
          <reporter-output>
          </reporter-output>
        </test-method> <!-- test_IfAllTheChosenProductsCanBeDeletedWhenPressingDeleteButton -->
        <test-method status="PASS" signature="afterMethod()[pri:0, instance:org.apache.maven.archetypes.nopcommerceApp.ClearAllProductsTest@6f1fba17]" name="afterMethod" is-config="true" duration-ms="1" started-at="2020-12-14T12:42:01 IST" finished-at="2020-12-14T12:42:01 IST">
          <reporter-output>
          </reporter-output>
        </test-method> <!-- afterMethod -->
        <test-method status="PASS" signature="tearDown()[pri:0, instance:org.apache.maven.archetypes.nopcommerceApp.ClearAllProductsTest@6f1fba17]" name="tearDown" is-config="true" duration-ms="5661" started-at="2020-12-14T12:42:01 IST" finished-at="2020-12-14T12:42:07 IST">
          <reporter-output>
          </reporter-output>
        </test-method> <!-- tearDown -->
      </class> <!-- org.apache.maven.archetypes.nopcommerceApp.ClearAllProductsTest -->
      <class name="org.apache.maven.archetypes.nopcommerceApp.TestSearchProductByName">
        <test-method status="PASS" signature="setup(java.lang.String)[pri:0, instance:org.apache.maven.archetypes.nopcommerceApp.TestSearchProductByName@520a3426]" name="setup" is-config="true" duration-ms="6589" started-at="2020-12-14T12:40:15 IST" finished-at="2020-12-14T12:40:21 IST">
          <params>
            <param index="0">
              <value>
                <![CDATA[chrome]]>
              </value>
            </param>
          </params>
          <reporter-output>
          </reporter-output>
        </test-method> <!-- setup -->
        <test-method status="PASS" signature="beforeMethod()[pri:0, instance:org.apache.maven.archetypes.nopcommerceApp.TestSearchProductByName@520a3426]" name="beforeMethod" is-config="true" duration-ms="5162" started-at="2020-12-14T12:40:21 IST" finished-at="2020-12-14T12:40:26 IST">
          <reporter-output>
          </reporter-output>
        </test-method> <!-- beforeMethod -->
        <test-method status="PASS" signature="test_searchByProductName()[pri:0, instance:org.apache.maven.archetypes.nopcommerceApp.TestSearchProductByName@520a3426]" name="test_searchByProductName" duration-ms="634" started-at="2020-12-14T12:40:26 IST" finished-at="2020-12-14T12:40:27 IST">
          <reporter-output>
          </reporter-output>
        </test-method> <!-- test_searchByProductName -->
        <test-method status="PASS" signature="afterMethod()[pri:0, instance:org.apache.maven.archetypes.nopcommerceApp.TestSearchProductByName@520a3426]" name="afterMethod" is-config="true" duration-ms="0" started-at="2020-12-14T12:40:27 IST" finished-at="2020-12-14T12:40:27 IST">
          <reporter-output>
          </reporter-output>
        </test-method> <!-- afterMethod -->
        <test-method status="PASS" signature="tearDown()[pri:0, instance:org.apache.maven.archetypes.nopcommerceApp.TestSearchProductByName@520a3426]" name="tearDown" is-config="true" duration-ms="5626" started-at="2020-12-14T12:40:27 IST" finished-at="2020-12-14T12:40:33 IST">
          <reporter-output>
          </reporter-output>
        </test-method> <!-- tearDown -->
      </class> <!-- org.apache.maven.archetypes.nopcommerceApp.TestSearchProductByName -->
      <class name="org.apache.maven.archetypes.nopcommerceApp.TestDeleteSearchedProduct">
        <test-method status="PASS" signature="setup(java.lang.String)[pri:0, instance:org.apache.maven.archetypes.nopcommerceApp.TestDeleteSearchedProduct@6c3708b3]" name="setup" is-config="true" duration-ms="8438" started-at="2020-12-14T12:41:13 IST" finished-at="2020-12-14T12:41:21 IST">
          <params>
            <param index="0">
              <value>
                <![CDATA[chrome]]>
              </value>
            </param>
          </params>
          <reporter-output>
          </reporter-output>
        </test-method> <!-- setup -->
        <test-method status="PASS" signature="beforeMethod()[pri:0, instance:org.apache.maven.archetypes.nopcommerceApp.TestDeleteSearchedProduct@6c3708b3]" name="beforeMethod" is-config="true" duration-ms="3666" started-at="2020-12-14T12:41:21 IST" finished-at="2020-12-14T12:41:25 IST">
          <reporter-output>
          </reporter-output>
        </test-method> <!-- beforeMethod -->
        <test-method status="PASS" signature="test_IfSearchedProductWasDeletedAfterPressingDeleteButton()[pri:0, instance:org.apache.maven.archetypes.nopcommerceApp.TestDeleteSearchedProduct@6c3708b3]" name="test_IfSearchedProductWasDeletedAfterPressingDeleteButton" duration-ms="4848" started-at="2020-12-14T12:41:25 IST" finished-at="2020-12-14T12:41:30 IST">
          <reporter-output>
          </reporter-output>
        </test-method> <!-- test_IfSearchedProductWasDeletedAfterPressingDeleteButton -->
        <test-method status="PASS" signature="afterMethod()[pri:0, instance:org.apache.maven.archetypes.nopcommerceApp.TestDeleteSearchedProduct@6c3708b3]" name="afterMethod" is-config="true" duration-ms="0" started-at="2020-12-14T12:41:30 IST" finished-at="2020-12-14T12:41:30 IST">
          <reporter-output>
          </reporter-output>
        </test-method> <!-- afterMethod -->
        <test-method status="PASS" signature="tearDown()[pri:0, instance:org.apache.maven.archetypes.nopcommerceApp.TestDeleteSearchedProduct@6c3708b3]" name="tearDown" is-config="true" duration-ms="5646" started-at="2020-12-14T12:41:30 IST" finished-at="2020-12-14T12:41:36 IST">
          <reporter-output>
          </reporter-output>
        </test-method> <!-- tearDown -->
      </class> <!-- org.apache.maven.archetypes.nopcommerceApp.TestDeleteSearchedProduct -->
      <class name="org.apache.maven.archetypes.nopcommerceApp.TestAddProduct">
        <test-method status="PASS" signature="setup(java.lang.String)[pri:0, instance:org.apache.maven.archetypes.nopcommerceApp.TestAddProduct@6536e911]" name="setup" is-config="true" duration-ms="7913" started-at="2020-12-14T12:39:47 IST" finished-at="2020-12-14T12:39:55 IST">
          <params>
            <param index="0">
              <value>
                <![CDATA[chrome]]>
              </value>
            </param>
          </params>
          <reporter-output>
          </reporter-output>
        </test-method> <!-- setup -->
        <test-method status="PASS" signature="beforeMethod()[pri:0, instance:org.apache.maven.archetypes.nopcommerceApp.TestAddProduct@6536e911]" name="beforeMethod" is-config="true" duration-ms="7260" started-at="2020-12-14T12:39:55 IST" finished-at="2020-12-14T12:40:02 IST">
          <reporter-output>
          </reporter-output>
        </test-method> <!-- beforeMethod -->
        <test-method status="PASS" signature="test_AddProduct()[pri:0, instance:org.apache.maven.archetypes.nopcommerceApp.TestAddProduct@6536e911]" name="test_AddProduct" duration-ms="6567" started-at="2020-12-14T12:40:02 IST" finished-at="2020-12-14T12:40:09 IST">
          <reporter-output>
          </reporter-output>
        </test-method> <!-- test_AddProduct -->
        <test-method status="PASS" signature="afterMethod()[pri:0, instance:org.apache.maven.archetypes.nopcommerceApp.TestAddProduct@6536e911]" name="afterMethod" is-config="true" duration-ms="1" started-at="2020-12-14T12:40:09 IST" finished-at="2020-12-14T12:40:09 IST">
          <reporter-output>
          </reporter-output>
        </test-method> <!-- afterMethod -->
        <test-method status="PASS" signature="tearDown()[pri:0, instance:org.apache.maven.archetypes.nopcommerceApp.TestAddProduct@6536e911]" name="tearDown" is-config="true" duration-ms="5686" started-at="2020-12-14T12:40:09 IST" finished-at="2020-12-14T12:40:15 IST">
          <reporter-output>
          </reporter-output>
        </test-method> <!-- tearDown -->
      </class> <!-- org.apache.maven.archetypes.nopcommerceApp.TestAddProduct -->
      <class name="org.apache.maven.archetypes.nopcommerceApp.TestSearchProductByType">
        <test-method status="PASS" signature="setup(java.lang.String)[pri:0, instance:org.apache.maven.archetypes.nopcommerceApp.TestSearchProductByType@18eed359]" name="setup" is-config="true" duration-ms="6728" started-at="2020-12-14T12:40:33 IST" finished-at="2020-12-14T12:40:39 IST">
          <params>
            <param index="0">
              <value>
                <![CDATA[chrome]]>
              </value>
            </param>
          </params>
          <reporter-output>
          </reporter-output>
        </test-method> <!-- setup -->
        <test-method status="PASS" signature="beforeClass()[pri:0, instance:org.apache.maven.archetypes.nopcommerceApp.TestSearchProductByType@18eed359]" name="beforeClass" is-config="true" duration-ms="4069" started-at="2020-12-14T12:40:39 IST" finished-at="2020-12-14T12:40:43 IST">
          <reporter-output>
          </reporter-output>
        </test-method> <!-- beforeClass -->
        <test-method status="PASS" signature="test_searchProductByType()[pri:0, instance:org.apache.maven.archetypes.nopcommerceApp.TestSearchProductByType@18eed359]" name="test_searchProductByType" duration-ms="672" started-at="2020-12-14T12:40:43 IST" finished-at="2020-12-14T12:40:44 IST">
          <reporter-output>
          </reporter-output>
        </test-method> <!-- test_searchProductByType -->
        <test-method status="PASS" signature="afterMethod()[pri:0, instance:org.apache.maven.archetypes.nopcommerceApp.TestSearchProductByType@18eed359]" name="afterMethod" is-config="true" duration-ms="1" started-at="2020-12-14T12:40:44 IST" finished-at="2020-12-14T12:40:44 IST">
          <reporter-output>
          </reporter-output>
        </test-method> <!-- afterMethod -->
        <test-method status="PASS" signature="tearDown()[pri:0, instance:org.apache.maven.archetypes.nopcommerceApp.TestSearchProductByType@18eed359]" name="tearDown" is-config="true" duration-ms="5653" started-at="2020-12-14T12:40:44 IST" finished-at="2020-12-14T12:40:50 IST">
          <reporter-output>
          </reporter-output>
        </test-method> <!-- tearDown -->
      </class> <!-- org.apache.maven.archetypes.nopcommerceApp.TestSearchProductByType -->
    </test> <!-- Products Tests -->
    <test name="Manufacturers Tests" duration-ms="25578" started-at="2020-12-14T12:42:07 IST" finished-at="2020-12-14T12:42:33 IST">
      <class name="org.apache.maven.archetypes.nopcommerceApp.TestAddManufacturer">
        <test-method status="PASS" signature="setup(java.lang.String)[pri:0, instance:org.apache.maven.archetypes.nopcommerceApp.TestAddManufacturer@57536d79]" name="setup" is-config="true" duration-ms="3244" started-at="2020-12-14T12:42:07 IST" finished-at="2020-12-14T12:42:10 IST">
          <params>
            <param index="0">
              <value>
                <![CDATA[opera]]>
              </value>
            </param>
          </params>
          <reporter-output>
          </reporter-output>
        </test-method> <!-- setup -->
        <test-method status="PASS" signature="beforeMethod()[pri:0, instance:org.apache.maven.archetypes.nopcommerceApp.TestAddManufacturer@57536d79]" name="beforeMethod" is-config="true" duration-ms="3548" started-at="2020-12-14T12:42:10 IST" finished-at="2020-12-14T12:42:14 IST">
          <reporter-output>
          </reporter-output>
        </test-method> <!-- beforeMethod -->
        <test-method status="PASS" signature="test_addManufacturer()[pri:0, instance:org.apache.maven.archetypes.nopcommerceApp.TestAddManufacturer@57536d79]" name="test_addManufacturer" duration-ms="13137" started-at="2020-12-14T12:42:14 IST" finished-at="2020-12-14T12:42:27 IST">
          <reporter-output>
          </reporter-output>
        </test-method> <!-- test_addManufacturer -->
        <test-method status="PASS" signature="afterMethod()[pri:0, instance:org.apache.maven.archetypes.nopcommerceApp.TestAddManufacturer@57536d79]" name="afterMethod" is-config="true" duration-ms="1" started-at="2020-12-14T12:42:27 IST" finished-at="2020-12-14T12:42:27 IST">
          <reporter-output>
          </reporter-output>
        </test-method> <!-- afterMethod -->
        <test-method status="PASS" signature="tearDown()[pri:0, instance:org.apache.maven.archetypes.nopcommerceApp.TestAddManufacturer@57536d79]" name="tearDown" is-config="true" duration-ms="5646" started-at="2020-12-14T12:42:27 IST" finished-at="2020-12-14T12:42:33 IST">
          <reporter-output>
          </reporter-output>
        </test-method> <!-- tearDown -->
      </class> <!-- org.apache.maven.archetypes.nopcommerceApp.TestAddManufacturer -->
    </test> <!-- Manufacturers Tests -->
  </suite> <!-- nopCommerce Test Suite -->
</testng-results>
