<?xml version="1.0" encoding="UTF-8"?>
<testsuite xmlns:xsi="http://www.w3.org/2001/XMLSchema-instance" xsi:noNamespaceSchemaLocation="https://maven.apache.org/surefire/maven-surefire-plugin/xsd/surefire-test-report.xsd" name="TestSuite" time="213.745" tests="12" errors="0" skipped="0" failures="1">
  <properties>
[...]
</properties>
  <testcase name="test_login" classname="org.apache.maven.archetypes.nopcommerceApp.TestLogin" time="0.017"/>
  <testcase name="ddt_test_login" classname="org.apache.maven.archetypes.nopcommerceApp.DDTestLogin" time="6.5"/>
  <testcase name="ddt_test_login" classname="org.apache.maven.archetypes.nopcommerceApp.DDTestLogin" time="0.569"/>
  <testcase name="ddt_test_login" classname="org.apache.maven.archetypes.nopcommerceApp.DDTestLogin" time="0.538"/>
  <testcase name="ddt_test_login" classname="org.apache.maven.archetypes.nopcommerceApp.DDTestLogin" time="0.548"/>
  <testcase name="test_AddProduct" classname="org.apache.maven.archetypes.nopcommerceApp.TestAddProduct" time="6.46"/>
  <testcase name="test_searchByProductName" classname="org.apache.maven.archetypes.nopcommerceApp.TestSearchProductByName" time="0.616"/>
  <testcase name="test_searchProductByType" classname="org.apache.maven.archetypes.nopcommerceApp.TestSearchProductByType" time="0.614"/>
  <testcase name="test_ifTheSearchedProductUpdatedAfterEditing" classname="org.apache.maven.archetypes.nopcommerceApp.TestEditSearchedProduct" time="6.349"/>
  <testcase name="test_IfSearchedProductWasDeletedAfterPressingDeleteButton" classname="org.apache.maven.archetypes.nopcommerceApp.TestDeleteSearchedProduct" time="4.004"/>
  <testcase name="test_IfAllTheChosenProductsCanBeDeletedWhenPressingDeleteButton" classname="org.apache.maven.archetypes.nopcommerceApp.ClearAllProductsTest" time="27.738"/>
  <testcase name="test_addManufacturer" classname="org.apache.maven.archetypes.nopcommerceApp.TestAddManufacturer" time="3.351">
    <failure message="javascript error: Failed to execute &apos;elementsFromPoint&apos; on &apos;Document&apos;: The provided double value is non-finite.&#10;  (Session info: chrome=87.0.4280.88)&#10;Build info: version: &apos;3.141.59&apos;, revision: &apos;e82be7d358&apos;, time: &apos;2018-11-14T08:17:03&apos;&#10;System info: host: &apos;DESKTOP-M2RIIBP&apos;, ip: &apos;10.0.0.5&apos;, os.name: &apos;Windows 10&apos;, os.arch: &apos;amd64&apos;, os.version: &apos;10.0&apos;, java.version: &apos;1.8.0_261&apos;&#10;Driver info: org.openqa.selenium.chrome.ChromeDriver&#10;Capabilities {acceptInsecureCerts: false, browserName: chrome, browserVersion: 87.0.4280.88, chrome: {chromedriverVersion: 86.0.4240.22 (398b0743353ff..., userDataDir: C:\Users\edisa\AppData\Loca...}, goog:chromeOptions: {debuggerAddress: localhost:50748}, javascriptEnabled: true, networkConnectionEnabled: false, pageLoadStrategy: normal, platform: WINDOWS, platformName: WINDOWS, proxy: Proxy(), setWindowRect: true, strictFileInteractability: false, timeouts: {implicit: 0, pageLoad: 300000, script: 30000}, unhandledPromptBehavior: dismiss and notify, webauthn:virtualAuthenticators: true}&#10;Session ID: 2476ed643911c2f5c719595a135d7f07" type="org.openqa.selenium.JavascriptException">org.openqa.selenium.JavascriptException: 
javascript error: Failed to execute 'elementsFromPoint' on 'Document': The provided double value is non-finite.
  (Session info: chrome=87.0.4280.88)
Build info: version: '3.141.59', revision: 'e82be7d358', time: '2018-11-14T08:17:03'
System info: host: 'DESKTOP-M2RIIBP', ip: '10.0.0.5', os.name: 'Windows 10', os.arch: 'amd64', os.version: '10.0', java.version: '1.8.0_261'
Driver info: org.openqa.selenium.chrome.ChromeDriver
Capabilities {acceptInsecureCerts: false, browserName: chrome, browserVersion: 87.0.4280.88, chrome: {chromedriverVersion: 86.0.4240.22 (398b0743353ff..., userDataDir: C:\Users\edisa\AppData\Loca...}, goog:chromeOptions: {debuggerAddress: localhost:50748}, javascriptEnabled: true, networkConnectionEnabled: false, pageLoadStrategy: normal, platform: WINDOWS, platformName: WINDOWS, proxy: Proxy(), setWindowRect: true, strictFileInteractability: false, timeouts: {implicit: 0, pageLoad: 300000, script: 30000}, unhandledPromptBehavior: dismiss and notify, webauthn:virtualAuthenticators: true}
Session ID: 2476ed643911c2f5c719595a135d7f07
	at org.apache.maven.archetypes.nopcommerceApp.TestAddManufacturer.test_addManufacturer(TestAddManufacturer.java:33)
</failure>
    <system-out><![CDATA[ INFO [main] (ClearAllProductsTest.java:83)- Delete all the products test completed
 INFO [main] (TestAddManufacturer.java:63)- Load Add Manufacturer Test
 INFO [main] (TestAddManufacturer.java:67)- username provided
 INFO [main] (TestAddManufacturer.java:69)- password provided
]]></system-out>
    <system-err><![CDATA[Starting ChromeDriver 86.0.4240.22 (398b0743353ff36fb1b82468f63a3a93b4e2e89e-refs/branch-heads/4240@{#378}) on port 30454
Only local connections are allowed.
Please see https://chromedriver.chromium.org/security-considerations for suggestions on keeping ChromeDriver safe.
ChromeDriver was started successfully.
[1607879694.332][WARNING]: This version of ChromeDriver has not been tested with Chrome version 87.
Dec 13, 2020 7:14:56 PM org.openqa.selenium.remote.ProtocolHandshake createSession
INFO: Detected dialect: W3C
]]></system-err>
  </testcase>
</testsuite>