<?xml version="1.0" encoding="UTF-8"?>
<testng-results skipped="0" failed="0" ignored="0" total="12" passed="12">
  <reporter-output>
  </reporter-output>
  <suite name="nopCommerce Test Suite" duration-ms="201377" started-at="2020-12-14T10:21:55 IST" finished-at="2020-12-14T10:25:17 IST">
    <groups>
    </groups>
    <test name="Login Tests" duration-ms="38370" started-at="2020-12-14T10:21:55 IST" finished-at="2020-12-14T10:22:34 IST">
      <class name="org.apache.maven.archetypes.nopcommerceApp.TestLogin">
        <test-method status="PASS" signature="setup(java.lang.String)[pri:0, instance:org.apache.maven.archetypes.nopcommerceApp.TestLogin@e320068]" name="setup" is-config="true" duration-ms="7220" started-at="2020-12-14T10:21:55 IST" finished-at="2020-12-14T10:22:03 IST">
          <params>
            <param index="0">
              <value>
                <![CDATA[firefox]]>
              </value>
            </param>
          </params>
          <reporter-output>
          </reporter-output>
        </test-method> <!-- setup -->
        <test-method status="PASS" signature="beforeMethod()[pri:0, instance:org.apache.maven.archetypes.nopcommerceApp.TestLogin@e320068]" name="beforeMethod" is-config="true" duration-ms="4567" started-at="2020-12-14T10:22:03 IST" finished-at="2020-12-14T10:22:07 IST">
          <reporter-output>
          </reporter-output>
        </test-method> <!-- beforeMethod -->
        <test-method status="PASS" signature="test_login()[pri:0, instance:org.apache.maven.archetypes.nopcommerceApp.TestLogin@e320068]" name="test_login" duration-ms="9" started-at="2020-12-14T10:22:07 IST" finished-at="2020-12-14T10:22:07 IST">
          <reporter-output>
          </reporter-output>
        </test-method> <!-- test_login -->
        <test-method status="PASS" signature="afterMethod()[pri:0, instance:org.apache.maven.archetypes.nopcommerceApp.TestLogin@e320068]" name="afterMethod" is-config="true" duration-ms="1" started-at="2020-12-14T10:22:07 IST" finished-at="2020-12-14T10:22:07 IST">
          <reporter-output>
          </reporter-output>
        </test-method> <!-- afterMethod -->
        <test-method status="PASS" signature="tearDown()[pri:0, instance:org.apache.maven.archetypes.nopcommerceApp.TestLogin@e320068]" name="tearDown" is-config="true" duration-ms="5613" started-at="2020-12-14T10:22:07 IST" finished-at="2020-12-14T10:22:13 IST">
          <reporter-output>
          </reporter-output>
        </test-method> <!-- tearDown -->
      </class> <!-- org.apache.maven.archetypes.nopcommerceApp.TestLogin -->
      <class name="org.apache.maven.archetypes.nopcommerceApp.DDTestLogin">
        <test-method status="PASS" signature="setup(java.lang.String)[pri:0, instance:org.apache.maven.archetypes.nopcommerceApp.DDTestLogin@1f57539]" name="setup" is-config="true" duration-ms="6363" started-at="2020-12-14T10:22:13 IST" finished-at="2020-12-14T10:22:19 IST">
          <params>
            <param index="0">
              <value>
                <![CDATA[firefox]]>
              </value>
            </param>
          </params>
          <reporter-output>
          </reporter-output>
        </test-method> <!-- setup -->
        <test-method status="PASS" signature="beforeMethod()[pri:0, instance:org.apache.maven.archetypes.nopcommerceApp.DDTestLogin@1f57539]" name="beforeMethod" is-config="true" duration-ms="0" started-at="2020-12-14T10:22:19 IST" finished-at="2020-12-14T10:22:19 IST">
          <reporter-output>
          </reporter-output>
        </test-method> <!-- beforeMethod -->
        <test-method status="PASS" signature="ddt_test_login(java.lang.String)[pri:0, instance:org.apache.maven.archetypes.nopcommerceApp.DDTestLogin@1f57539]" name="ddt_test_login" duration-ms="7165" started-at="2020-12-14T10:22:19 IST" data-provider="dp" finished-at="2020-12-14T10:22:26 IST">
          <params>
            <param index="0">
              <value>
                <![CDATA[admin@yourstore.com,admin,Pass]]>
              </value>
            </param>
          </params>
          <reporter-output>
          </reporter-output>
        </test-method> <!-- ddt_test_login -->
        <test-method status="PASS" signature="afterMethod()[pri:0, instance:org.apache.maven.archetypes.nopcommerceApp.DDTestLogin@1f57539]" name="afterMethod" is-config="true" duration-ms="0" started-at="2020-12-14T10:22:26 IST" finished-at="2020-12-14T10:22:26 IST">
          <reporter-output>
          </reporter-output>
        </test-method> <!-- afterMethod -->
        <test-method status="PASS" signature="ddt_test_login(java.lang.String)[pri:0, instance:org.apache.maven.archetypes.nopcommerceApp.DDTestLogin@1f57539]" name="ddt_test_login" duration-ms="549" started-at="2020-12-14T10:22:26 IST" data-provider="dp" finished-at="2020-12-14T10:22:27 IST">
          <params>
            <param index="0">
              <value>
                <![CDATA[admin@yourstore.com,adm,Fail]]>
              </value>
            </param>
          </params>
          <reporter-output>
          </reporter-output>
        </test-method> <!-- ddt_test_login -->
        <test-method status="PASS" signature="beforeMethod()[pri:0, instance:org.apache.maven.archetypes.nopcommerceApp.DDTestLogin@1f57539]" name="beforeMethod" is-config="true" duration-ms="0" started-at="2020-12-14T10:22:26 IST" finished-at="2020-12-14T10:22:26 IST">
          <reporter-output>
          </reporter-output>
        </test-method> <!-- beforeMethod -->
        <test-method status="PASS" signature="afterMethod()[pri:0, instance:org.apache.maven.archetypes.nopcommerceApp.DDTestLogin@1f57539]" name="afterMethod" is-config="true" duration-ms="1" started-at="2020-12-14T10:22:27 IST" finished-at="2020-12-14T10:22:27 IST">
          <reporter-output>
          </reporter-output>
        </test-method> <!-- afterMethod -->
        <test-method status="PASS" signature="beforeMethod()[pri:0, instance:org.apache.maven.archetypes.nopcommerceApp.DDTestLogin@1f57539]" name="beforeMethod" is-config="true" duration-ms="1" started-at="2020-12-14T10:22:27 IST" finished-at="2020-12-14T10:22:27 IST">
          <reporter-output>
          </reporter-output>
        </test-method> <!-- beforeMethod -->
        <test-method status="PASS" signature="ddt_test_login(java.lang.String)[pri:0, instance:org.apache.maven.archetypes.nopcommerceApp.DDTestLogin@1f57539]" name="ddt_test_login" duration-ms="558" started-at="2020-12-14T10:22:27 IST" data-provider="dp" finished-at="2020-12-14T10:22:27 IST">
          <params>
            <param index="0">
              <value>
                <![CDATA[adm@yourstore.com,admin,Fail]]>
              </value>
            </param>
          </params>
          <reporter-output>
          </reporter-output>
        </test-method> <!-- ddt_test_login -->
        <test-method status="PASS" signature="ddt_test_login(java.lang.String)[pri:0, instance:org.apache.maven.archetypes.nopcommerceApp.DDTestLogin@1f57539]" name="ddt_test_login" duration-ms="513" started-at="2020-12-14T10:22:27 IST" data-provider="dp" finished-at="2020-12-14T10:22:28 IST">
          <params>
            <param index="0">
              <value>
                <![CDATA[adm@yourstore.com,adm,Fail]]>
              </value>
            </param>
          </params>
          <reporter-output>
          </reporter-output>
        </test-method> <!-- ddt_test_login -->
        <test-method status="PASS" signature="afterMethod()[pri:0, instance:org.apache.maven.archetypes.nopcommerceApp.DDTestLogin@1f57539]" name="afterMethod" is-config="true" duration-ms="0" started-at="2020-12-14T10:22:27 IST" finished-at="2020-12-14T10:22:27 IST">
          <reporter-output>
          </reporter-output>
        </test-method> <!-- afterMethod -->
        <test-method status="PASS" signature="beforeMethod()[pri:0, instance:org.apache.maven.archetypes.nopcommerceApp.DDTestLogin@1f57539]" name="beforeMethod" is-config="true" duration-ms="0" started-at="2020-12-14T10:22:27 IST" finished-at="2020-12-14T10:22:27 IST">
          <reporter-output>
          </reporter-output>
        </test-method> <!-- beforeMethod -->
        <test-method status="PASS" signature="afterMethod()[pri:0, instance:org.apache.maven.archetypes.nopcommerceApp.DDTestLogin@1f57539]" name="afterMethod" is-config="true" duration-ms="1" started-at="2020-12-14T10:22:28 IST" finished-at="2020-12-14T10:22:28 IST">
          <reporter-output>
          </reporter-output>
        </test-method> <!-- afterMethod -->
        <test-method status="PASS" signature="tearDown()[pri:0, instance:org.apache.maven.archetypes.nopcommerceApp.DDTestLogin@1f57539]" name="tearDown" is-config="true" duration-ms="5610" started-at="2020-12-14T10:22:28 IST" finished-at="2020-12-14T10:22:34 IST">
          <reporter-output>
          </reporter-output>
        </test-method> <!-- tearDown -->
      </class> <!-- org.apache.maven.archetypes.nopcommerceApp.DDTestLogin -->
    </test> <!-- Login Tests -->
    <test name="Products Tests" duration-ms="142580" started-at="2020-12-14T10:22:34 IST" finished-at="2020-12-14T10:24:56 IST">
      <class name="org.apache.maven.archetypes.nopcommerceApp.TestEditSearchedProduct">
        <test-method status="PASS" signature="setup(java.lang.String)[pri:0, instance:org.apache.maven.archetypes.nopcommerceApp.TestEditSearchedProduct@32d2fa64]" name="setup" is-config="true" duration-ms="7934" started-at="2020-12-14T10:23:42 IST" finished-at="2020-12-14T10:23:50 IST">
          <params>
            <param index="0">
              <value>
                <![CDATA[chrome]]>
              </value>
            </param>
          </params>
          <reporter-output>
          </reporter-output>
        </test-method> <!-- setup -->
        <test-method status="PASS" signature="beforeMethod()[pri:0, instance:org.apache.maven.archetypes.nopcommerceApp.TestEditSearchedProduct@32d2fa64]" name="beforeMethod" is-config="true" duration-ms="4275" started-at="2020-12-14T10:23:50 IST" finished-at="2020-12-14T10:23:54 IST">
          <reporter-output>
          </reporter-output>
        </test-method> <!-- beforeMethod -->
        <test-method status="PASS" signature="test_ifTheSearchedProductUpdatedAfterEditing()[pri:0, instance:org.apache.maven.archetypes.nopcommerceApp.TestEditSearchedProduct@32d2fa64]" name="test_ifTheSearchedProductUpdatedAfterEditing" duration-ms="5961" started-at="2020-12-14T10:23:54 IST" finished-at="2020-12-14T10:24:00 IST">
          <reporter-output>
          </reporter-output>
        </test-method> <!-- test_ifTheSearchedProductUpdatedAfterEditing -->
        <test-method status="PASS" signature="afterMethod()[pri:0, instance:org.apache.maven.archetypes.nopcommerceApp.TestEditSearchedProduct@32d2fa64]" name="afterMethod" is-config="true" duration-ms="0" started-at="2020-12-14T10:24:00 IST" finished-at="2020-12-14T10:24:00 IST">
          <reporter-output>
          </reporter-output>
        </test-method> <!-- afterMethod -->
        <test-method status="PASS" signature="tearDown()[pri:0, instance:org.apache.maven.archetypes.nopcommerceApp.TestEditSearchedProduct@32d2fa64]" name="tearDown" is-config="true" duration-ms="5639" started-at="2020-12-14T10:24:00 IST" finished-at="2020-12-14T10:24:06 IST">
          <reporter-output>
          </reporter-output>
        </test-method> <!-- tearDown -->
      </class> <!-- org.apache.maven.archetypes.nopcommerceApp.TestEditSearchedProduct -->
      <class name="org.apache.maven.archetypes.nopcommerceApp.ClearAllProductsTest">
        <test-method status="PASS" signature="setup(java.lang.String)[pri:0, instance:org.apache.maven.archetypes.nopcommerceApp.ClearAllProductsTest@3e57cd70]" name="setup" is-config="true" duration-ms="7889" started-at="2020-12-14T10:24:26 IST" finished-at="2020-12-14T10:24:34 IST">
          <params>
            <param index="0">
              <value>
                <![CDATA[chrome]]>
              </value>
            </param>
          </params>
          <reporter-output>
          </reporter-output>
        </test-method> <!-- setup -->
        <test-method status="PASS" signature="beforeMethod()[pri:0, instance:org.apache.maven.archetypes.nopcommerceApp.ClearAllProductsTest@3e57cd70]" name="beforeMethod" is-config="true" duration-ms="3633" started-at="2020-12-14T10:24:34 IST" finished-at="2020-12-14T10:24:37 IST">
          <reporter-output>
          </reporter-output>
        </test-method> <!-- beforeMethod -->
        <test-method status="PASS" signature="test_IfAllTheChosenProductsCanBeDeletedWhenPressingDeleteButton()[pri:0, instance:org.apache.maven.archetypes.nopcommerceApp.ClearAllProductsTest@3e57cd70]" name="test_IfAllTheChosenProductsCanBeDeletedWhenPressingDeleteButton" duration-ms="13609" started-at="2020-12-14T10:24:37 IST" finished-at="2020-12-14T10:24:51 IST">
          <reporter-output>
          </reporter-output>
        </test-method> <!-- test_IfAllTheChosenProductsCanBeDeletedWhenPressingDeleteButton -->
        <test-method status="PASS" signature="afterMethod()[pri:0, instance:org.apache.maven.archetypes.nopcommerceApp.ClearAllProductsTest@3e57cd70]" name="afterMethod" is-config="true" duration-ms="0" started-at="2020-12-14T10:24:51 IST" finished-at="2020-12-14T10:24:51 IST">
          <reporter-output>
          </reporter-output>
        </test-method> <!-- afterMethod -->
        <test-method status="PASS" signature="tearDown()[pri:0, instance:org.apache.maven.archetypes.nopcommerceApp.ClearAllProductsTest@3e57cd70]" name="tearDown" is-config="true" duration-ms="5630" started-at="2020-12-14T10:24:51 IST" finished-at="2020-12-14T10:24:56 IST">
          <reporter-output>
          </reporter-output>
        </test-method> <!-- tearDown -->
      </class> <!-- org.apache.maven.archetypes.nopcommerceApp.ClearAllProductsTest -->
      <class name="org.apache.maven.archetypes.nopcommerceApp.TestDeleteSearchedProduct">
        <test-method status="PASS" signature="setup(java.lang.String)[pri:0, instance:org.apache.maven.archetypes.nopcommerceApp.TestDeleteSearchedProduct@1d8d30f7]" name="setup" is-config="true" duration-ms="6669" started-at="2020-12-14T10:24:06 IST" finished-at="2020-12-14T10:24:12 IST">
          <params>
            <param index="0">
              <value>
                <![CDATA[chrome]]>
              </value>
            </param>
          </params>
          <reporter-output>
          </reporter-output>
        </test-method> <!-- setup -->
        <test-method status="PASS" signature="beforeMethod()[pri:0, instance:org.apache.maven.archetypes.nopcommerceApp.TestDeleteSearchedProduct@1d8d30f7]" name="beforeMethod" is-config="true" duration-ms="2861" started-at="2020-12-14T10:24:12 IST" finished-at="2020-12-14T10:24:15 IST">
          <reporter-output>
          </reporter-output>
        </test-method> <!-- beforeMethod -->
        <test-method status="PASS" signature="test_IfSearchedProductWasDeletedAfterPressingDeleteButton()[pri:0, instance:org.apache.maven.archetypes.nopcommerceApp.TestDeleteSearchedProduct@1d8d30f7]" name="test_IfSearchedProductWasDeletedAfterPressingDeleteButton" duration-ms="4727" started-at="2020-12-14T10:24:15 IST" finished-at="2020-12-14T10:24:20 IST">
          <reporter-output>
          </reporter-output>
        </test-method> <!-- test_IfSearchedProductWasDeletedAfterPressingDeleteButton -->
        <test-method status="PASS" signature="tearDown()[pri:0, instance:org.apache.maven.archetypes.nopcommerceApp.TestDeleteSearchedProduct@1d8d30f7]" name="tearDown" is-config="true" duration-ms="5634" started-at="2020-12-14T10:24:20 IST" finished-at="2020-12-14T10:24:26 IST">
          <reporter-output>
          </reporter-output>
        </test-method> <!-- tearDown -->
        <test-method status="PASS" signature="afterMethod()[pri:0, instance:org.apache.maven.archetypes.nopcommerceApp.TestDeleteSearchedProduct@1d8d30f7]" name="afterMethod" is-config="true" duration-ms="0" started-at="2020-12-14T10:24:20 IST" finished-at="2020-12-14T10:24:20 IST">
          <reporter-output>
          </reporter-output>
        </test-method> <!-- afterMethod -->
      </class> <!-- org.apache.maven.archetypes.nopcommerceApp.TestDeleteSearchedProduct -->
      <class name="org.apache.maven.archetypes.nopcommerceApp.TestSearchProductByName">
        <test-method status="PASS" signature="setup(java.lang.String)[pri:0, instance:org.apache.maven.archetypes.nopcommerceApp.TestSearchProductByName@27808f31]" name="setup" is-config="true" duration-ms="8044" started-at="2020-12-14T10:23:00 IST" finished-at="2020-12-14T10:23:08 IST">
          <params>
            <param index="0">
              <value>
                <![CDATA[chrome]]>
              </value>
            </param>
          </params>
          <reporter-output>
          </reporter-output>
        </test-method> <!-- setup -->
        <test-method status="PASS" signature="beforeMethod()[pri:0, instance:org.apache.maven.archetypes.nopcommerceApp.TestSearchProductByName@27808f31]" name="beforeMethod" is-config="true" duration-ms="5931" started-at="2020-12-14T10:23:08 IST" finished-at="2020-12-14T10:23:14 IST">
          <reporter-output>
          </reporter-output>
        </test-method> <!-- beforeMethod -->
        <test-method status="PASS" signature="test_searchByProductName()[pri:0, instance:org.apache.maven.archetypes.nopcommerceApp.TestSearchProductByName@27808f31]" name="test_searchByProductName" duration-ms="629" started-at="2020-12-14T10:23:14 IST" finished-at="2020-12-14T10:23:15 IST">
          <reporter-output>
          </reporter-output>
        </test-method> <!-- test_searchByProductName -->
        <test-method status="PASS" signature="tearDown()[pri:0, instance:org.apache.maven.archetypes.nopcommerceApp.TestSearchProductByName@27808f31]" name="tearDown" is-config="true" duration-ms="5618" started-at="2020-12-14T10:23:15 IST" finished-at="2020-12-14T10:23:20 IST">
          <reporter-output>
          </reporter-output>
        </test-method> <!-- tearDown -->
        <test-method status="PASS" signature="afterMethod()[pri:0, instance:org.apache.maven.archetypes.nopcommerceApp.TestSearchProductByName@27808f31]" name="afterMethod" is-config="true" duration-ms="0" started-at="2020-12-14T10:23:15 IST" finished-at="2020-12-14T10:23:15 IST">
          <reporter-output>
          </reporter-output>
        </test-method> <!-- afterMethod -->
      </class> <!-- org.apache.maven.archetypes.nopcommerceApp.TestSearchProductByName -->
      <class name="org.apache.maven.archetypes.nopcommerceApp.TestAddProduct">
        <test-method status="PASS" signature="setup(java.lang.String)[pri:0, instance:org.apache.maven.archetypes.nopcommerceApp.TestAddProduct@37d31475]" name="setup" is-config="true" duration-ms="8433" started-at="2020-12-14T10:22:34 IST" finished-at="2020-12-14T10:22:42 IST">
          <params>
            <param index="0">
              <value>
                <![CDATA[chrome]]>
              </value>
            </param>
          </params>
          <reporter-output>
          </reporter-output>
        </test-method> <!-- setup -->
        <test-method status="PASS" signature="beforeMethod()[pri:0, instance:org.apache.maven.archetypes.nopcommerceApp.TestAddProduct@37d31475]" name="beforeMethod" is-config="true" duration-ms="6159" started-at="2020-12-14T10:22:42 IST" finished-at="2020-12-14T10:22:48 IST">
          <reporter-output>
          </reporter-output>
        </test-method> <!-- beforeMethod -->
        <test-method status="PASS" signature="test_AddProduct()[pri:0, instance:org.apache.maven.archetypes.nopcommerceApp.TestAddProduct@37d31475]" name="test_AddProduct" duration-ms="6063" started-at="2020-12-14T10:22:48 IST" finished-at="2020-12-14T10:22:54 IST">
          <reporter-output>
          </reporter-output>
        </test-method> <!-- test_AddProduct -->
        <test-method status="PASS" signature="afterMethod()[pri:0, instance:org.apache.maven.archetypes.nopcommerceApp.TestAddProduct@37d31475]" name="afterMethod" is-config="true" duration-ms="0" started-at="2020-12-14T10:22:54 IST" finished-at="2020-12-14T10:22:54 IST">
          <reporter-output>
          </reporter-output>
        </test-method> <!-- afterMethod -->
        <test-method status="PASS" signature="tearDown()[pri:0, instance:org.apache.maven.archetypes.nopcommerceApp.TestAddProduct@37d31475]" name="tearDown" is-config="true" duration-ms="5619" started-at="2020-12-14T10:22:54 IST" finished-at="2020-12-14T10:23:00 IST">
          <reporter-output>
          </reporter-output>
        </test-method> <!-- tearDown -->
      </class> <!-- org.apache.maven.archetypes.nopcommerceApp.TestAddProduct -->
      <class name="org.apache.maven.archetypes.nopcommerceApp.TestSearchProductByType">
        <test-method status="PASS" signature="setup(java.lang.String)[pri:0, instance:org.apache.maven.archetypes.nopcommerceApp.TestSearchProductByType@436e852b]" name="setup" is-config="true" duration-ms="8467" started-at="2020-12-14T10:23:20 IST" finished-at="2020-12-14T10:23:29 IST">
          <params>
            <param index="0">
              <value>
                <![CDATA[chrome]]>
              </value>
            </param>
          </params>
          <reporter-output>
          </reporter-output>
        </test-method> <!-- setup -->
        <test-method status="PASS" signature="beforeClass()[pri:0, instance:org.apache.maven.archetypes.nopcommerceApp.TestSearchProductByType@436e852b]" name="beforeClass" is-config="true" duration-ms="6423" started-at="2020-12-14T10:23:29 IST" finished-at="2020-12-14T10:23:35 IST">
          <reporter-output>
          </reporter-output>
        </test-method> <!-- beforeClass -->
        <test-method status="PASS" signature="test_searchProductByType()[pri:0, instance:org.apache.maven.archetypes.nopcommerceApp.TestSearchProductByType@436e852b]" name="test_searchProductByType" duration-ms="1101" started-at="2020-12-14T10:23:35 IST" finished-at="2020-12-14T10:23:36 IST">
          <reporter-output>
          </reporter-output>
        </test-method> <!-- test_searchProductByType -->
        <test-method status="PASS" signature="afterMethod()[pri:0, instance:org.apache.maven.archetypes.nopcommerceApp.TestSearchProductByType@436e852b]" name="afterMethod" is-config="true" duration-ms="1" started-at="2020-12-14T10:23:36 IST" finished-at="2020-12-14T10:23:36 IST">
          <reporter-output>
          </reporter-output>
        </test-method> <!-- afterMethod -->
        <test-method status="PASS" signature="tearDown()[pri:0, instance:org.apache.maven.archetypes.nopcommerceApp.TestSearchProductByType@436e852b]" name="tearDown" is-config="true" duration-ms="5613" started-at="2020-12-14T10:23:36 IST" finished-at="2020-12-14T10:23:42 IST">
          <reporter-output>
          </reporter-output>
        </test-method> <!-- tearDown -->
      </class> <!-- org.apache.maven.archetypes.nopcommerceApp.TestSearchProductByType -->
    </test> <!-- Products Tests -->
    <test name="Manufacturers Tests" duration-ms="20182" started-at="2020-12-14T10:24:56 IST" finished-at="2020-12-14T10:25:17 IST">
      <class name="org.apache.maven.archetypes.nopcommerceApp.TestAddManufacturer">
        <test-method status="PASS" signature="setup(java.lang.String)[pri:0, instance:org.apache.maven.archetypes.nopcommerceApp.TestAddManufacturer@687080dc]" name="setup" is-config="true" duration-ms="3937" started-at="2020-12-14T10:24:56 IST" finished-at="2020-12-14T10:25:00 IST">
          <params>
            <param index="0">
              <value>
                <![CDATA[opera]]>
              </value>
            </param>
          </params>
          <reporter-output>
          </reporter-output>
        </test-method> <!-- setup -->
        <test-method status="PASS" signature="beforeMethod()[pri:0, instance:org.apache.maven.archetypes.nopcommerceApp.TestAddManufacturer@687080dc]" name="beforeMethod" is-config="true" duration-ms="2968" started-at="2020-12-14T10:25:00 IST" finished-at="2020-12-14T10:25:03 IST">
          <reporter-output>
          </reporter-output>
        </test-method> <!-- beforeMethod -->
        <test-method status="PASS" signature="test_addManufacturer()[pri:0, instance:org.apache.maven.archetypes.nopcommerceApp.TestAddManufacturer@687080dc]" name="test_addManufacturer" duration-ms="7643" started-at="2020-12-14T10:25:03 IST" finished-at="2020-12-14T10:25:11 IST">
          <reporter-output>
          </reporter-output>
        </test-method> <!-- test_addManufacturer -->
        <test-method status="PASS" signature="afterMethod()[pri:0, instance:org.apache.maven.archetypes.nopcommerceApp.TestAddManufacturer@687080dc]" name="afterMethod" is-config="true" duration-ms="0" started-at="2020-12-14T10:25:11 IST" finished-at="2020-12-14T10:25:11 IST">
          <reporter-output>
          </reporter-output>
        </test-method> <!-- afterMethod -->
        <test-method status="PASS" signature="tearDown()[pri:0, instance:org.apache.maven.archetypes.nopcommerceApp.TestAddManufacturer@687080dc]" name="tearDown" is-config="true" duration-ms="5631" started-at="2020-12-14T10:25:11 IST" finished-at="2020-12-14T10:25:17 IST">
          <reporter-output>
          </reporter-output>
        </test-method> <!-- tearDown -->
      </class> <!-- org.apache.maven.archetypes.nopcommerceApp.TestAddManufacturer -->
    </test> <!-- Manufacturers Tests -->
  </suite> <!-- nopCommerce Test Suite -->
</testng-results>
